[0216/233555.600:ERROR:process_reader_win.cc(123)] NtOpenThread: {Access Denied} A process has requested access to an object, but has not been granted those access rights. (0xc0000022)
[0216/233555.602:ERROR:exception_snapshot_win.cc(98)] thread ID 4076 not found in process
[0216/233555.729:ERROR:process_reader_win.cc(123)] NtOpenThread: {Access Denied} A process has requested access to an object, but has not been granted those access rights. (0xc0000022)
[0216/233555.729:ERROR:exception_snapshot_win.cc(98)] thread ID 18244 not found in process
[0216/233753.033:ERROR:process_reader_win.cc(123)] NtOpenThread: {Access Denied} A process has requested access to an object, but has not been granted those access rights. (0xc0000022)
[0216/233753.034:ERROR:exception_snapshot_win.cc(98)] thread ID 6656 not found in process
[0216/233753.105:ERROR:process_reader_win.cc(123)] NtOpenThread: {Access Denied} A process has requested access to an object, but has not been granted those access rights. (0xc0000022)
[0216/233753.105:ERROR:exception_snapshot_win.cc(98)] thread ID 6168 not found in process
[0216/233753.258:ERROR:process_reader_win.cc(123)] NtOpenThread: {Access Denied} A process has requested access to an object, but has not been granted those access rights. (0xc0000022)
[0216/233753.259:ERROR:exception_snapshot_win.cc(98)] thread ID 11512 not found in process
[0216/233753.371:ERROR:process_reader_win.cc(123)] NtOpenThread: {Access Denied} A process has requested access to an object, but has not been granted those access rights. (0xc0000022)
[0216/233753.371:ERROR:exception_snapshot_win.cc(98)] thread ID 19192 not found in process
[0216/233753.526:ERROR:process_reader_win.cc(123)] NtOpenThread: {Access Denied} A process has requested access to an object, but has not been granted those access rights. (0xc0000022)
[0216/233753.526:ERROR:exception_snapshot_win.cc(98)] thread ID 15980 not found in process
[0216/234320.006:ERROR:process_reader_win.cc(123)] NtOpenThread: {Access Denied} A process has requested access to an object, but has not been granted those access rights. (0xc0000022)
[0216/234320.007:ERROR:exception_snapshot_win.cc(98)] thread ID 19164 not found in process
[0216/234320.163:ERROR:process_reader_win.cc(123)] NtOpenThread: {Access Denied} A process has requested access to an object, but has not been granted those access rights. (0xc0000022)
[0216/234320.163:ERROR:exception_snapshot_win.cc(98)] thread ID 18524 not found in process
[0216/235057.187:ERROR:process_reader_win.cc(123)] NtOpenThread: {Access Denied} A process has requested access to an object, but has not been granted those access rights. (0xc0000022)
[0216/235057.187:ERROR:exception_snapshot_win.cc(98)] thread ID 9612 not found in process
[0216/235057.344:ERROR:process_reader_win.cc(123)] NtOpenThread: {Access Denied} A process has requested access to an object, but has not been granted those access rights. (0xc0000022)
[0216/235057.345:ERROR:exception_snapshot_win.cc(98)] thread ID 19252 not found in process
[0216/235205.020:ERROR:process_reader_win.cc(123)] NtOpenThread: {Access Denied} A process has requested access to an object, but has not been granted those access rights. (0xc0000022)
[0216/235205.021:ERROR:exception_snapshot_win.cc(98)] thread ID 4300 not found in process
[0216/235205.171:ERROR:process_reader_win.cc(123)] NtOpenThread: {Access Denied} A process has requested access to an object, but has not been granted those access rights. (0xc0000022)
[0216/235205.171:ERROR:exception_snapshot_win.cc(98)] thread ID 9584 not found in process
[0216/235428.007:ERROR:process_reader_win.cc(123)] NtOpenThread: {Access Denied} A process has requested access to an object, but has not been granted those access rights. (0xc0000022)
[0216/235428.008:ERROR:exception_snapshot_win.cc(98)] thread ID 19068 not found in process
[0216/235428.137:ERROR:process_reader_win.cc(123)] NtOpenThread: {Access Denied} A process has requested access to an object, but has not been granted those access rights. (0xc0000022)
[0216/235428.137:ERROR:exception_snapshot_win.cc(98)] thread ID 18760 not found in process
[0217/001325.274:ERROR:process_reader_win.cc(123)] NtOpenThread: {Access Denied} A process has requested access to an object, but has not been granted those access rights. (0xc0000022)
[0217/001325.275:ERROR:exception_snapshot_win.cc(98)] thread ID 12588 not found in process
[0217/001325.418:ERROR:process_reader_win.cc(123)] NtOpenThread: {Access Denied} A process has requested access to an object, but has not been granted those access rights. (0xc0000022)
[0217/001325.418:ERROR:exception_snapshot_win.cc(98)] thread ID 8132 not found in process
[0217/001614.718:ERROR:process_reader_win.cc(123)] NtOpenThread: {Access Denied} A process has requested access to an object, but has not been granted those access rights. (0xc0000022)
[0217/001614.719:ERROR:exception_snapshot_win.cc(98)] thread ID 9396 not found in process
[0217/001614.830:ERROR:process_reader_win.cc(123)] NtOpenThread: {Access Denied} A process has requested access to an object, but has not been granted those access rights. (0xc0000022)
[0217/001614.830:ERROR:exception_snapshot_win.cc(98)] thread ID 9104 not found in process
[0217/002410.360:ERROR:process_reader_win.cc(123)] NtOpenThread: {Access Denied} A process has requested access to an object, but has not been granted those access rights. (0xc0000022)
[0217/002410.361:ERROR:exception_snapshot_win.cc(98)] thread ID 15240 not found in process
[0217/002410.516:ERROR:process_reader_win.cc(123)] NtOpenThread: {Access Denied} A process has requested access to an object, but has not been granted those access rights. (0xc0000022)
[0217/002410.516:ERROR:exception_snapshot_win.cc(98)] thread ID 8948 not found in process
[0217/003208.208:ERROR:process_reader_win.cc(123)] NtOpenThread: {Access Denied} A process has requested access to an object, but has not been granted those access rights. (0xc0000022)
[0217/003208.210:ERROR:exception_snapshot_win.cc(98)] thread ID 18876 not found in process
[0217/003208.390:ERROR:process_reader_win.cc(123)] NtOpenThread: {Access Denied} A process has requested access to an object, but has not been granted those access rights. (0xc0000022)
[0217/003208.391:ERROR:exception_snapshot_win.cc(98)] thread ID 10676 not found in process
[0217/003622.331:ERROR:process_reader_win.cc(123)] NtOpenThread: {Access Denied} A process has requested access to an object, but has not been granted those access rights. (0xc0000022)
[0217/003622.331:ERROR:exception_snapshot_win.cc(98)] thread ID 2436 not found in process
[0217/003622.502:ERROR:process_reader_win.cc(123)] NtOpenThread: {Access Denied} A process has requested access to an object, but has not been granted those access rights. (0xc0000022)
[0217/003622.502:ERROR:exception_snapshot_win.cc(98)] thread ID 19272 not found in process
[0217/004502.717:ERROR:process_reader_win.cc(123)] NtOpenThread: {Access Denied} A process has requested access to an object, but has not been granted those access rights. (0xc0000022)
[0217/004502.718:ERROR:exception_snapshot_win.cc(98)] thread ID 11088 not found in process
[0217/004502.893:ERROR:process_reader_win.cc(123)] NtOpenThread: {Access Denied} A process has requested access to an object, but has not been granted those access rights. (0xc0000022)
[0217/004502.893:ERROR:exception_snapshot_win.cc(98)] thread ID 13664 not found in process
[0217/005554.380:ERROR:process_reader_win.cc(123)] NtOpenThread: {Access Denied} A process has requested access to an object, but has not been granted those access rights. (0xc0000022)
[0217/005554.381:ERROR:exception_snapshot_win.cc(98)] thread ID 2796 not found in process
[0217/005554.549:ERROR:process_reader_win.cc(123)] NtOpenThread: {Access Denied} A process has requested access to an object, but has not been granted those access rights. (0xc0000022)
[0217/005554.549:ERROR:exception_snapshot_win.cc(98)] thread ID 3584 not found in process
[0217/010040.348:ERROR:process_reader_win.cc(123)] NtOpenThread: {Access Denied} A process has requested access to an object, but has not been granted those access rights. (0xc0000022)
[0217/010040.349:ERROR:exception_snapshot_win.cc(98)] thread ID 19360 not found in process
[0217/010040.510:ERROR:process_reader_win.cc(123)] NtOpenThread: {Access Denied} A process has requested access to an object, but has not been granted those access rights. (0xc0000022)
[0217/010040.510:ERROR:exception_snapshot_win.cc(98)] thread ID 19080 not found in process
[0217/010949.204:ERROR:process_reader_win.cc(123)] NtOpenThread: {Access Denied} A process has requested access to an object, but has not been granted those access rights. (0xc0000022)
[0217/010949.208:ERROR:exception_snapshot_win.cc(98)] thread ID 412 not found in process
[0217/010949.359:ERROR:process_reader_win.cc(123)] NtOpenThread: {Access Denied} A process has requested access to an object, but has not been granted those access rights. (0xc0000022)
[0217/010949.359:ERROR:exception_snapshot_win.cc(98)] thread ID 19212 not found in process
[0217/011201.874:ERROR:process_reader_win.cc(123)] NtOpenThread: {Access Denied} A process has requested access to an object, but has not been granted those access rights. (0xc0000022)
[0217/011201.875:ERROR:exception_snapshot_win.cc(98)] thread ID 19840 not found in process
[0217/011202.020:ERROR:process_reader_win.cc(123)] NtOpenThread: {Access Denied} A process has requested access to an object, but has not been granted those access rights. (0xc0000022)
[0217/011202.020:ERROR:exception_snapshot_win.cc(98)] thread ID 2880 not found in process
[0217/011938.721:ERROR:process_reader_win.cc(123)] NtOpenThread: {Access Denied} A process has requested access to an object, but has not been granted those access rights. (0xc0000022)
[0217/011938.721:ERROR:exception_snapshot_win.cc(98)] thread ID 3928 not found in process
[0217/011938.866:ERROR:process_reader_win.cc(123)] NtOpenThread: {Access Denied} A process has requested access to an object, but has not been granted those access rights. (0xc0000022)
[0217/011938.867:ERROR:exception_snapshot_win.cc(98)] thread ID 12824 not found in process
[0217/013256.670:ERROR:process_reader_win.cc(123)] NtOpenThread: {Access Denied} A process has requested access to an object, but has not been granted those access rights. (0xc0000022)
[0217/013256.671:ERROR:exception_snapshot_win.cc(98)] thread ID 13360 not found in process
[0217/013256.860:ERROR:process_reader_win.cc(123)] NtOpenThread: {Access Denied} A process has requested access to an object, but has not been granted those access rights. (0xc0000022)
[0217/013256.860:ERROR:exception_snapshot_win.cc(98)] thread ID 20000 not found in process
[0217/014230.344:ERROR:process_reader_win.cc(123)] NtOpenThread: {Access Denied} A process has requested access to an object, but has not been granted those access rights. (0xc0000022)
[0217/014230.345:ERROR:exception_snapshot_win.cc(98)] thread ID 2288 not found in process
[0217/014230.509:ERROR:process_reader_win.cc(123)] NtOpenThread: {Access Denied} A process has requested access to an object, but has not been granted those access rights. (0xc0000022)
[0217/014230.509:ERROR:exception_snapshot_win.cc(98)] thread ID 13696 not found in process
[0217/020716.984:ERROR:process_reader_win.cc(123)] NtOpenThread: {Access Denied} A process has requested access to an object, but has not been granted those access rights. (0xc0000022)
[0217/020716.985:ERROR:exception_snapshot_win.cc(98)] thread ID 1288 not found in process
[0217/020717.163:ERROR:process_reader_win.cc(123)] NtOpenThread: {Access Denied} A process has requested access to an object, but has not been granted those access rights. (0xc0000022)
[0217/020717.163:ERROR:exception_snapshot_win.cc(98)] thread ID 18400 not found in process
[0217/020913.485:ERROR:process_reader_win.cc(123)] NtOpenThread: {Access Denied} A process has requested access to an object, but has not been granted those access rights. (0xc0000022)
[0217/020913.486:ERROR:exception_snapshot_win.cc(98)] thread ID 2556 not found in process
[0217/020913.647:ERROR:process_reader_win.cc(123)] NtOpenThread: {Access Denied} A process has requested access to an object, but has not been granted those access rights. (0xc0000022)
[0217/020913.648:ERROR:exception_snapshot_win.cc(98)] thread ID 8216 not found in process
[0217/144222.353:ERROR:process_reader_win.cc(123)] NtOpenThread: {Access Denied} A process has requested access to an object, but has not been granted those access rights. (0xc0000022)
[0217/144222.353:ERROR:exception_snapshot_win.cc(98)] thread ID 18044 not found in process
[0217/144222.478:ERROR:process_reader_win.cc(123)] NtOpenThread: {Access Denied} A process has requested access to an object, but has not been granted those access rights. (0xc0000022)
[0217/144222.479:ERROR:exception_snapshot_win.cc(98)] thread ID 968 not found in process
[0217/145010.217:ERROR:process_reader_win.cc(123)] NtOpenThread: {Access Denied} A process has requested access to an object, but has not been granted those access rights. (0xc0000022)
[0217/145010.219:ERROR:exception_snapshot_win.cc(98)] thread ID 2528 not found in process
[0217/145010.323:ERROR:process_reader_win.cc(123)] NtOpenThread: {Access Denied} A process has requested access to an object, but has not been granted those access rights. (0xc0000022)
[0217/145010.323:ERROR:exception_snapshot_win.cc(98)] thread ID 18452 not found in process
[0217/145630.849:ERROR:process_reader_win.cc(123)] NtOpenThread: {Access Denied} A process has requested access to an object, but has not been granted those access rights. (0xc0000022)
[0217/145630.850:ERROR:exception_snapshot_win.cc(98)] thread ID 18208 not found in process
[0217/145630.979:ERROR:process_reader_win.cc(123)] NtOpenThread: {Access Denied} A process has requested access to an object, but has not been granted those access rights. (0xc0000022)
[0217/145630.979:ERROR:exception_snapshot_win.cc(98)] thread ID 9464 not found in process
[0217/145726.863:ERROR:process_reader_win.cc(123)] NtOpenThread: {Access Denied} A process has requested access to an object, but has not been granted those access rights. (0xc0000022)
[0217/145726.864:ERROR:exception_snapshot_win.cc(98)] thread ID 6752 not found in process
[0217/145726.920:ERROR:process_reader_win.cc(123)] NtOpenThread: {Access Denied} A process has requested access to an object, but has not been granted those access rights. (0xc0000022)
[0217/145726.920:ERROR:exception_snapshot_win.cc(98)] thread ID 17484 not found in process
[0217/145727.049:ERROR:process_reader_win.cc(123)] NtOpenThread: {Access Denied} A process has requested access to an object, but has not been granted those access rights. (0xc0000022)
[0217/145727.049:ERROR:exception_snapshot_win.cc(98)] thread ID 14072 not found in process
[0220/181959.418:ERROR:process_reader_win.cc(123)] NtOpenThread: {Access Denied} A process has requested access to an object, but has not been granted those access rights. (0xc0000022)
[0220/181959.421:ERROR:exception_snapshot_win.cc(98)] thread ID 5144 not found in process
[0220/181959.585:ERROR:process_reader_win.cc(123)] NtOpenThread: {Access Denied} A process has requested access to an object, but has not been granted those access rights. (0xc0000022)
[0220/181959.585:ERROR:exception_snapshot_win.cc(98)] thread ID 6968 not found in process
[0220/190110.018:ERROR:process_reader_win.cc(123)] NtOpenThread: {Access Denied} A process has requested access to an object, but has not been granted those access rights. (0xc0000022)
[0220/190110.019:ERROR:exception_snapshot_win.cc(98)] thread ID 18064 not found in process
[0220/190110.150:ERROR:process_reader_win.cc(123)] NtOpenThread: {Access Denied} A process has requested access to an object, but has not been granted those access rights. (0xc0000022)
[0220/190110.150:ERROR:exception_snapshot_win.cc(98)] thread ID 16752 not found in process
[0220/190706.212:ERROR:process_reader_win.cc(123)] NtOpenThread: {Access Denied} A process has requested access to an object, but has not been granted those access rights. (0xc0000022)
[0220/190706.214:ERROR:exception_snapshot_win.cc(98)] thread ID 16212 not found in process
[0220/190706.362:ERROR:process_reader_win.cc(123)] NtOpenThread: {Access Denied} A process has requested access to an object, but has not been granted those access rights. (0xc0000022)
[0220/190706.383:ERROR:exception_snapshot_win.cc(98)] thread ID 19092 not found in process
[0220/190858.262:ERROR:process_reader_win.cc(123)] NtOpenThread: {Access Denied} A process has requested access to an object, but has not been granted those access rights. (0xc0000022)
[0220/190858.263:ERROR:exception_snapshot_win.cc(98)] thread ID 12916 not found in process
[0220/190858.389:ERROR:process_reader_win.cc(123)] NtOpenThread: {Access Denied} A process has requested access to an object, but has not been granted those access rights. (0xc0000022)
[0220/190858.389:ERROR:exception_snapshot_win.cc(98)] thread ID 5532 not found in process
[0221/150139.522:ERROR:process_reader_win.cc(123)] NtOpenThread: {Access Denied} A process has requested access to an object, but has not been granted those access rights. (0xc0000022)
[0221/150139.522:ERROR:exception_snapshot_win.cc(98)] thread ID 13036 not found in process
[0221/150139.613:ERROR:process_reader_win.cc(123)] NtOpenThread: {Access Denied} A process has requested access to an object, but has not been granted those access rights. (0xc0000022)
[0221/150139.613:ERROR:exception_snapshot_win.cc(98)] thread ID 11164 not found in process
[0221/161213.814:ERROR:process_reader_win.cc(123)] NtOpenThread: {Access Denied} A process has requested access to an object, but has not been granted those access rights. (0xc0000022)
[0221/161213.814:ERROR:exception_snapshot_win.cc(98)] thread ID 6488 not found in process
[0221/161213.984:ERROR:process_reader_win.cc(123)] NtOpenThread: {Access Denied} A process has requested access to an object, but has not been granted those access rights. (0xc0000022)
[0221/161213.984:ERROR:exception_snapshot_win.cc(98)] thread ID 10568 not found in process
[0221/173454.482:ERROR:process_reader_win.cc(123)] NtOpenThread: {Access Denied} A process has requested access to an object, but has not been granted those access rights. (0xc0000022)
[0221/173454.483:ERROR:exception_snapshot_win.cc(98)] thread ID 10748 not found in process
[0221/173454.590:ERROR:process_reader_win.cc(123)] NtOpenThread: {Access Denied} A process has requested access to an object, but has not been granted those access rights. (0xc0000022)
[0221/173454.591:ERROR:exception_snapshot_win.cc(98)] thread ID 10220 not found in process
[0229/214449.193:ERROR:process_reader_win.cc(123)] NtOpenThread: {Access Denied} A process has requested access to an object, but has not been granted those access rights. (0xc0000022)
[0229/214449.197:ERROR:exception_snapshot_win.cc(98)] thread ID 10444 not found in process
[0229/214449.683:ERROR:process_reader_win.cc(123)] NtOpenThread: {Access Denied} A process has requested access to an object, but has not been granted those access rights. (0xc0000022)
[0229/214449.683:ERROR:exception_snapshot_win.cc(98)] thread ID 10376 not found in process
[0229/214449.982:ERROR:process_reader_win.cc(123)] NtOpenThread: {Access Denied} A process has requested access to an object, but has not been granted those access rights. (0xc0000022)
[0229/214449.984:ERROR:exception_snapshot_win.cc(98)] thread ID 12116 not found in process
[0229/214450.292:ERROR:process_reader_win.cc(123)] NtOpenThread: {Access Denied} A process has requested access to an object, but has not been granted those access rights. (0xc0000022)
[0229/214450.292:ERROR:exception_snapshot_win.cc(98)] thread ID 17640 not found in process
[0229/214450.796:ERROR:process_info.cc(329)] VirtualQueryEx: Access is denied. (0x5)
[0229/214450.797:ERROR:process_info.cc(556)] ReadMemoryInfo failed
[0229/214450.797:ERROR:process_memory_win.cc(39)] Failed to initialize ProcessInfo.
[0229/214450.797:ERROR:scoped_process_suspend.cc(40)] NtResumeProcess: An attempt was made to access an exiting process. (0xc000010a)
[0229/215731.541:ERROR:process_reader_win.cc(123)] NtOpenThread: {Access Denied} A process has requested access to an object, but has not been granted those access rights. (0xc0000022)
[0229/215731.542:ERROR:exception_snapshot_win.cc(98)] thread ID 17788 not found in process
[0229/215731.944:ERROR:process_reader_win.cc(123)] NtOpenThread: {Access Denied} A process has requested access to an object, but has not been granted those access rights. (0xc0000022)
[0229/215731.944:ERROR:exception_snapshot_win.cc(98)] thread ID 4784 not found in process
[0229/215732.309:ERROR:process_reader_win.cc(123)] NtOpenThread: {Access Denied} A process has requested access to an object, but has not been granted those access rights. (0xc0000022)
[0229/215732.310:ERROR:exception_snapshot_win.cc(98)] thread ID 14776 not found in process
[0229/220056.326:ERROR:process_reader_win.cc(123)] NtOpenThread: {Access Denied} A process has requested access to an object, but has not been granted those access rights. (0xc0000022)
[0229/220056.327:ERROR:exception_snapshot_win.cc(98)] thread ID 6192 not found in process
[0229/220056.638:ERROR:process_reader_win.cc(123)] NtOpenThread: {Access Denied} A process has requested access to an object, but has not been granted those access rights. (0xc0000022)
[0229/220056.638:ERROR:exception_snapshot_win.cc(98)] thread ID 8544 not found in process
[0229/221122.671:ERROR:process_reader_win.cc(123)] NtOpenThread: {Access Denied} A process has requested access to an object, but has not been granted those access rights. (0xc0000022)
[0229/221122.673:ERROR:exception_snapshot_win.cc(98)] thread ID 16000 not found in process
[0229/221123.092:ERROR:process_reader_win.cc(123)] NtOpenThread: {Access Denied} A process has requested access to an object, but has not been granted those access rights. (0xc0000022)
[0229/221123.092:ERROR:exception_snapshot_win.cc(98)] thread ID 17416 not found in process
[0229/221123.350:ERROR:process_reader_win.cc(123)] NtOpenThread: {Access Denied} A process has requested access to an object, but has not been granted those access rights. (0xc0000022)
[0229/221123.351:ERROR:exception_snapshot_win.cc(98)] thread ID 14344 not found in process
[0229/221123.632:ERROR:process_reader_win.cc(123)] NtOpenThread: {Access Denied} A process has requested access to an object, but has not been granted those access rights. (0xc0000022)
[0229/221123.632:ERROR:exception_snapshot_win.cc(98)] thread ID 1164 not found in process
[0229/221123.944:ERROR:process_reader_win.cc(123)] NtOpenThread: {Access Denied} A process has requested access to an object, but has not been granted those access rights. (0xc0000022)
[0229/221123.945:ERROR:exception_snapshot_win.cc(98)] thread ID 16304 not found in process
[0229/221124.346:ERROR:process_reader_win.cc(123)] NtOpenThread: {Access Denied} A process has requested access to an object, but has not been granted those access rights. (0xc0000022)
[0229/221124.346:ERROR:exception_snapshot_win.cc(98)] thread ID 6548 not found in process
[0229/221239.461:ERROR:process_reader_win.cc(123)] NtOpenThread: {Access Denied} A process has requested access to an object, but has not been granted those access rights. (0xc0000022)
[0229/221239.462:ERROR:exception_snapshot_win.cc(98)] thread ID 17628 not found in process
[0229/221239.693:ERROR:process_reader_win.cc(123)] NtOpenThread: {Access Denied} A process has requested access to an object, but has not been granted those access rights. (0xc0000022)
[0229/221239.694:ERROR:exception_snapshot_win.cc(98)] thread ID 14776 not found in process
[0229/221240.026:ERROR:process_reader_win.cc(123)] NtOpenThread: {Access Denied} A process has requested access to an object, but has not been granted those access rights. (0xc0000022)
[0229/221240.026:ERROR:exception_snapshot_win.cc(98)] thread ID 1812 not found in process
[0229/221240.309:ERROR:process_reader_win.cc(123)] NtOpenThread: {Access Denied} A process has requested access to an object, but has not been granted those access rights. (0xc0000022)
[0229/221240.309:ERROR:exception_snapshot_win.cc(98)] thread ID 19188 not found in process
[0229/221240.583:ERROR:process_reader_win.cc(123)] NtOpenThread: {Access Denied} A process has requested access to an object, but has not been granted those access rights. (0xc0000022)
[0229/221240.583:ERROR:exception_snapshot_win.cc(98)] thread ID 5136 not found in process
[0229/225325.826:ERROR:process_reader_win.cc(123)] NtOpenThread: {Access Denied} A process has requested access to an object, but has not been granted those access rights. (0xc0000022)
[0229/225325.828:ERROR:exception_snapshot_win.cc(98)] thread ID 9192 not found in process
[0229/225326.074:ERROR:process_reader_win.cc(123)] NtOpenThread: {Access Denied} A process has requested access to an object, but has not been granted those access rights. (0xc0000022)
[0229/225326.076:ERROR:exception_snapshot_win.cc(98)] thread ID 16180 not found in process
[0229/225326.345:ERROR:process_reader_win.cc(123)] NtOpenThread: {Access Denied} A process has requested access to an object, but has not been granted those access rights. (0xc0000022)
[0229/225326.345:ERROR:exception_snapshot_win.cc(98)] thread ID 18896 not found in process
[0229/225326.994:ERROR:process_reader_win.cc(123)] NtOpenThread: {Access Denied} A process has requested access to an object, but has not been granted those access rights. (0xc0000022)
[0229/225326.994:ERROR:exception_snapshot_win.cc(98)] thread ID 10352 not found in process
[0229/225327.439:ERROR:process_reader_win.cc(123)] NtOpenThread: {Access Denied} A process has requested access to an object, but has not been granted those access rights. (0xc0000022)
[0229/225327.439:ERROR:exception_snapshot_win.cc(98)] thread ID 396 not found in process
[0229/225327.979:ERROR:process_reader_win.cc(123)] NtOpenThread: {Access Denied} A process has requested access to an object, but has not been granted those access rights. (0xc0000022)
[0229/225327.979:ERROR:exception_snapshot_win.cc(98)] thread ID 16180 not found in process
[0229/225328.697:ERROR:process_reader_win.cc(123)] NtOpenThread: {Access Denied} A process has requested access to an object, but has not been granted those access rights. (0xc0000022)
[0229/225328.702:ERROR:exception_snapshot_win.cc(98)] thread ID 1968 not found in process
[0229/225329.417:ERROR:process_reader_win.cc(123)] NtOpenThread: {Access Denied} A process has requested access to an object, but has not been granted those access rights. (0xc0000022)
[0229/225329.418:ERROR:exception_snapshot_win.cc(98)] thread ID 4892 not found in process
[0229/225330.032:ERROR:process_reader_win.cc(123)] NtOpenThread: {Access Denied} A process has requested access to an object, but has not been granted those access rights. (0xc0000022)
[0229/225330.034:ERROR:exception_snapshot_win.cc(98)] thread ID 14568 not found in process
[0229/225330.753:ERROR:process_reader_win.cc(123)] NtOpenThread: {Access Denied} A process has requested access to an object, but has not been granted those access rights. (0xc0000022)
[0229/225330.753:ERROR:exception_snapshot_win.cc(98)] thread ID 5036 not found in process
[0229/225853.693:ERROR:process_reader_win.cc(123)] NtOpenThread: {Access Denied} A process has requested access to an object, but has not been granted those access rights. (0xc0000022)
[0229/225853.694:ERROR:exception_snapshot_win.cc(98)] thread ID 2408 not found in process
[0229/225853.782:ERROR:process_reader_win.cc(123)] NtOpenThread: {Access Denied} A process has requested access to an object, but has not been granted those access rights. (0xc0000022)
[0229/225853.782:ERROR:exception_snapshot_win.cc(98)] thread ID 17620 not found in process
[0229/230145.401:ERROR:process_reader_win.cc(123)] NtOpenThread: {Access Denied} A process has requested access to an object, but has not been granted those access rights. (0xc0000022)
[0229/230145.402:ERROR:exception_snapshot_win.cc(98)] thread ID 7144 not found in process
[0229/230145.511:ERROR:process_reader_win.cc(123)] NtOpenThread: {Access Denied} A process has requested access to an object, but has not been granted those access rights. (0xc0000022)
[0229/230145.511:ERROR:exception_snapshot_win.cc(98)] thread ID 19128 not found in process
[0229/230316.489:ERROR:process_reader_win.cc(123)] NtOpenThread: {Access Denied} A process has requested access to an object, but has not been granted those access rights. (0xc0000022)
[0229/230316.489:ERROR:exception_snapshot_win.cc(98)] thread ID 18744 not found in process
[0229/230316.582:ERROR:process_reader_win.cc(123)] NtOpenThread: {Access Denied} A process has requested access to an object, but has not been granted those access rights. (0xc0000022)
[0229/230316.582:ERROR:exception_snapshot_win.cc(98)] thread ID 788 not found in process
[0229/230401.096:ERROR:process_reader_win.cc(123)] NtOpenThread: {Access Denied} A process has requested access to an object, but has not been granted those access rights. (0xc0000022)
[0229/230401.097:ERROR:exception_snapshot_win.cc(98)] thread ID 3564 not found in process
[0229/230401.194:ERROR:process_reader_win.cc(123)] NtOpenThread: {Access Denied} A process has requested access to an object, but has not been granted those access rights. (0xc0000022)
[0229/230401.194:ERROR:exception_snapshot_win.cc(98)] thread ID 18116 not found in process
[0229/230657.626:ERROR:process_reader_win.cc(123)] NtOpenThread: {Access Denied} A process has requested access to an object, but has not been granted those access rights. (0xc0000022)
[0229/230657.626:ERROR:exception_snapshot_win.cc(98)] thread ID 7300 not found in process
[0229/230657.738:ERROR:process_reader_win.cc(123)] NtOpenThread: {Access Denied} A process has requested access to an object, but has not been granted those access rights. (0xc0000022)
[0229/230657.738:ERROR:exception_snapshot_win.cc(98)] thread ID 18932 not found in process
[0229/230946.127:ERROR:process_reader_win.cc(123)] NtOpenThread: {Access Denied} A process has requested access to an object, but has not been granted those access rights. (0xc0000022)
[0229/230946.128:ERROR:exception_snapshot_win.cc(98)] thread ID 17020 not found in process
[0229/230946.147:ERROR:process_reader_win.cc(123)] NtOpenThread: {Access Denied} A process has requested access to an object, but has not been granted those access rights. (0xc0000022)
[0229/230946.147:ERROR:exception_snapshot_win.cc(98)] thread ID 17024 not found in process
[0229/231428.568:ERROR:process_reader_win.cc(123)] NtOpenThread: {Access Denied} A process has requested access to an object, but has not been granted those access rights. (0xc0000022)
[0229/231428.569:ERROR:exception_snapshot_win.cc(98)] thread ID 8068 not found in process
[0229/231428.649:ERROR:process_reader_win.cc(123)] NtOpenThread: {Access Denied} A process has requested access to an object, but has not been granted those access rights. (0xc0000022)
[0229/231428.649:ERROR:exception_snapshot_win.cc(98)] thread ID 2124 not found in process
[0229/231907.014:ERROR:process_reader_win.cc(123)] NtOpenThread: {Access Denied} A process has requested access to an object, but has not been granted those access rights. (0xc0000022)
[0229/231907.015:ERROR:exception_snapshot_win.cc(98)] thread ID 1976 not found in process
[0229/231907.094:ERROR:process_reader_win.cc(123)] NtOpenThread: {Access Denied} A process has requested access to an object, but has not been granted those access rights. (0xc0000022)
[0229/231907.094:ERROR:exception_snapshot_win.cc(98)] thread ID 1656 not found in process
[0229/233505.298:ERROR:process_reader_win.cc(123)] NtOpenThread: {Access Denied} A process has requested access to an object, but has not been granted those access rights. (0xc0000022)
[0229/233505.298:ERROR:exception_snapshot_win.cc(98)] thread ID 2484 not found in process
[0229/233505.393:ERROR:process_reader_win.cc(123)] NtOpenThread: {Access Denied} A process has requested access to an object, but has not been granted those access rights. (0xc0000022)
[0229/233505.393:ERROR:exception_snapshot_win.cc(98)] thread ID 18512 not found in process
[0301/004911.967:ERROR:process_reader_win.cc(123)] NtOpenThread: {Access Denied} A process has requested access to an object, but has not been granted those access rights. (0xc0000022)
[0301/004911.968:ERROR:exception_snapshot_win.cc(98)] thread ID 8708 not found in process
[0301/004912.054:ERROR:process_reader_win.cc(123)] NtOpenThread: {Access Denied} A process has requested access to an object, but has not been granted those access rights. (0xc0000022)
[0301/004912.054:ERROR:exception_snapshot_win.cc(98)] thread ID 18512 not found in process
[0301/005347.939:ERROR:process_reader_win.cc(123)] NtOpenThread: {Access Denied} A process has requested access to an object, but has not been granted those access rights. (0xc0000022)
[0301/005347.939:ERROR:exception_snapshot_win.cc(98)] thread ID 19240 not found in process
[0301/005348.026:ERROR:process_reader_win.cc(123)] NtOpenThread: {Access Denied} A process has requested access to an object, but has not been granted those access rights. (0xc0000022)
[0301/005348.026:ERROR:exception_snapshot_win.cc(98)] thread ID 18268 not found in process
